0 info it worked if it ends with ok
1 verbose cli [ 'C:\\Program Files\\nodejs\\node.exe',
1 verbose cli   'C:\\Program Files\\nodejs\\node_modules\\npm\\bin\\npm-cli.js',
1 verbose cli   'install' ]
2 info using npm@3.10.8
3 info using node@v6.9.1
4 silly loadCurrentTree Starting
5 silly install loadCurrentTree
6 silly install readLocalPackageData
7 silly install normalizeTree
8 silly loadCurrentTree Finishing
9 silly loadIdealTree Starting
10 silly install loadIdealTree
11 silly cloneCurrentTree Starting
12 silly install cloneCurrentTreeToIdealTree
13 silly cloneCurrentTree Finishing
14 silly loadShrinkwrap Starting
15 silly install loadShrinkwrap
16 silly loadShrinkwrap Finishing
17 silly loadAllDepsIntoIdealTree Starting
18 silly install loadAllDepsIntoIdealTree
19 silly fetchNamedPackageData express
20 silly mapToRegistry name express
21 silly mapToRegistry using default registry
22 silly mapToRegistry registry https://registry.npmjs.org/
23 silly mapToRegistry data Result {
23 silly mapToRegistry   raw: 'express',
23 silly mapToRegistry   scope: null,
23 silly mapToRegistry   escapedName: 'express',
23 silly mapToRegistry   name: 'express',
23 silly mapToRegistry   rawSpec: '',
23 silly mapToRegistry   spec: 'latest',
23 silly mapToRegistry   type: 'tag' }
24 silly mapToRegistry uri https://registry.npmjs.org/express
25 silly fetchNamedPackageData express-session
26 silly mapToRegistry name express-session
27 silly mapToRegistry using default registry
28 silly mapToRegistry registry https://registry.npmjs.org/
29 silly mapToRegistry data Result {
29 silly mapToRegistry   raw: 'express-session',
29 silly mapToRegistry   scope: null,
29 silly mapToRegistry   escapedName: 'express-session',
29 silly mapToRegistry   name: 'express-session',
29 silly mapToRegistry   rawSpec: '',
29 silly mapToRegistry   spec: 'latest',
29 silly mapToRegistry   type: 'tag' }
30 silly mapToRegistry uri https://registry.npmjs.org/express-session
31 silly fetchNamedPackageData path
32 silly mapToRegistry name path
33 silly mapToRegistry using default registry
34 silly mapToRegistry registry https://registry.npmjs.org/
35 silly mapToRegistry data Result {
35 silly mapToRegistry   raw: 'path',
35 silly mapToRegistry   scope: null,
35 silly mapToRegistry   escapedName: 'path',
35 silly mapToRegistry   name: 'path',
35 silly mapToRegistry   rawSpec: '',
35 silly mapToRegistry   spec: 'latest',
35 silly mapToRegistry   type: 'tag' }
36 silly mapToRegistry uri https://registry.npmjs.org/path
37 silly fetchNamedPackageData fs
38 silly mapToRegistry name fs
39 silly mapToRegistry using default registry
40 silly mapToRegistry registry https://registry.npmjs.org/
41 silly mapToRegistry data Result {
41 silly mapToRegistry   raw: 'fs',
41 silly mapToRegistry   scope: null,
41 silly mapToRegistry   escapedName: 'fs',
41 silly mapToRegistry   name: 'fs',
41 silly mapToRegistry   rawSpec: '',
41 silly mapToRegistry   spec: 'latest',
41 silly mapToRegistry   type: 'tag' }
42 silly mapToRegistry uri https://registry.npmjs.org/fs
43 silly fetchNamedPackageData body-parser
44 silly mapToRegistry name body-parser
45 silly mapToRegistry using default registry
46 silly mapToRegistry registry https://registry.npmjs.org/
47 silly mapToRegistry data Result {
47 silly mapToRegistry   raw: 'body-parser',
47 silly mapToRegistry   scope: null,
47 silly mapToRegistry   escapedName: 'body-parser',
47 silly mapToRegistry   name: 'body-parser',
47 silly mapToRegistry   rawSpec: '',
47 silly mapToRegistry   spec: 'latest',
47 silly mapToRegistry   type: 'tag' }
48 silly mapToRegistry uri https://registry.npmjs.org/body-parser
49 silly fetchNamedPackageData cookie-parser
50 silly mapToRegistry name cookie-parser
51 silly mapToRegistry using default registry
52 silly mapToRegistry registry https://registry.npmjs.org/
53 silly mapToRegistry data Result {
53 silly mapToRegistry   raw: 'cookie-parser',
53 silly mapToRegistry   scope: null,
53 silly mapToRegistry   escapedName: 'cookie-parser',
53 silly mapToRegistry   name: 'cookie-parser',
53 silly mapToRegistry   rawSpec: '',
53 silly mapToRegistry   spec: 'latest',
53 silly mapToRegistry   type: 'tag' }
54 silly mapToRegistry uri https://registry.npmjs.org/cookie-parser
55 silly fetchNamedPackageData mongoose
56 silly mapToRegistry name mongoose
57 silly mapToRegistry using default registry
58 silly mapToRegistry registry https://registry.npmjs.org/
59 silly mapToRegistry data Result {
59 silly mapToRegistry   raw: 'mongoose',
59 silly mapToRegistry   scope: null,
59 silly mapToRegistry   escapedName: 'mongoose',
59 silly mapToRegistry   name: 'mongoose',
59 silly mapToRegistry   rawSpec: '',
59 silly mapToRegistry   spec: 'latest',
59 silly mapToRegistry   type: 'tag' }
60 silly mapToRegistry uri https://registry.npmjs.org/mongoose
61 silly fetchNamedPackageData compression
62 silly mapToRegistry name compression
63 silly mapToRegistry using default registry
64 silly mapToRegistry registry https://registry.npmjs.org/
65 silly mapToRegistry data Result {
65 silly mapToRegistry   raw: 'compression',
65 silly mapToRegistry   scope: null,
65 silly mapToRegistry   escapedName: 'compression',
65 silly mapToRegistry   name: 'compression',
65 silly mapToRegistry   rawSpec: '',
65 silly mapToRegistry   spec: 'latest',
65 silly mapToRegistry   type: 'tag' }
66 silly mapToRegistry uri https://registry.npmjs.org/compression
67 verbose request uri https://registry.npmjs.org/express
68 verbose request no auth needed
69 info attempt registry request try #1 at 3:03:38 PM
70 verbose request id 8dfb8e6d7e97bf28
71 verbose etag "5QYTAIBJP1UXFGOWG1GY4H9H5"
72 http request GET https://registry.npmjs.org/express
73 verbose request uri https://registry.npmjs.org/express-session
74 verbose request no auth needed
75 info attempt registry request try #1 at 3:03:38 PM
76 verbose etag "CORALEA3SPE9731LZJZY0VJCD"
77 http request GET https://registry.npmjs.org/express-session
78 verbose request uri https://registry.npmjs.org/path
79 verbose request no auth needed
80 info attempt registry request try #1 at 3:03:38 PM
81 verbose etag "C07B1QFHDNFDBLJ3MBFDLW1IV"
82 http request GET https://registry.npmjs.org/path
83 verbose request uri https://registry.npmjs.org/fs
84 verbose request no auth needed
85 info attempt registry request try #1 at 3:03:38 PM
86 verbose etag "3QLKZTL096KX16E50G0I70RQU"
87 http request GET https://registry.npmjs.org/fs
88 verbose request uri https://registry.npmjs.org/body-parser
89 verbose request no auth needed
90 info attempt registry request try #1 at 3:03:38 PM
91 verbose etag "F5CVX5Z1L5PV1FSGBKLABLPVA"
92 http request GET https://registry.npmjs.org/body-parser
93 verbose request uri https://registry.npmjs.org/cookie-parser
94 verbose request no auth needed
95 info attempt registry request try #1 at 3:03:38 PM
96 verbose etag "2BWK610JY5PCJM0T0N28D3HU9"
97 http request GET https://registry.npmjs.org/cookie-parser
98 verbose request uri https://registry.npmjs.org/mongoose
99 verbose request no auth needed
100 info attempt registry request try #1 at 3:03:38 PM
101 verbose etag "8WJY1X75IWSNADZXXGPCFATY7"
102 http request GET https://registry.npmjs.org/mongoose
103 verbose request uri https://registry.npmjs.org/compression
104 verbose request no auth needed
105 info attempt registry request try #1 at 3:03:38 PM
106 verbose etag "2WPFBSYJ8KNAKFCWTTMHIJ6K6"
107 http request GET https://registry.npmjs.org/compression
108 http 304 https://registry.npmjs.org/express-session
109 verbose headers { date: 'Wed, 09 Nov 2016 14:03:41 GMT',
109 verbose headers   via: '1.1 varnish',
109 verbose headers   'cache-control': 'max-age=300',
109 verbose headers   etag: '"CORALEA3SPE9731LZJZY0VJCD"',
109 verbose headers   age: '37',
109 verbose headers   connection: 'keep-alive',
109 verbose headers   'x-served-by': 'cache-fra1221-FRA',
109 verbose headers   'x-cache': 'HIT',
109 verbose headers   'x-cache-hits': '2',
109 verbose headers   'x-timer': 'S1478700221.085734,VS0,VE0',
109 verbose headers   vary: 'Accept-Encoding' }
110 silly get cb [ 304,
110 silly get   { date: 'Wed, 09 Nov 2016 14:03:41 GMT',
110 silly get     via: '1.1 varnish',
110 silly get     'cache-control': 'max-age=300',
110 silly get     etag: '"CORALEA3SPE9731LZJZY0VJCD"',
110 silly get     age: '37',
110 silly get     connection: 'keep-alive',
110 silly get     'x-served-by': 'cache-fra1221-FRA',
110 silly get     'x-cache': 'HIT',
110 silly get     'x-cache-hits': '2',
110 silly get     'x-timer': 'S1478700221.085734,VS0,VE0',
110 silly get     vary: 'Accept-Encoding' } ]
111 verbose etag https://registry.npmjs.org/express-session from cache
112 verbose get saving express-session to C:\Users\alxxw\AppData\Roaming\npm-cache\registry.npmjs.org\express-session\.cache.json
113 verbose correctMkdir C:\Users\alxxw\AppData\Roaming\npm-cache correctMkdir not in flight; initializing
114 http 304 https://registry.npmjs.org/compression
115 verbose headers { date: 'Wed, 09 Nov 2016 14:03:41 GMT',
115 verbose headers   via: '1.1 varnish',
115 verbose headers   'cache-control': 'max-age=300',
115 verbose headers   etag: '"2WPFBSYJ8KNAKFCWTTMHIJ6K6"',
115 verbose headers   age: '56',
115 verbose headers   connection: 'keep-alive',
115 verbose headers   'x-served-by': 'cache-fra1247-FRA',
115 verbose headers   'x-cache': 'HIT',
115 verbose headers   'x-cache-hits': '2',
115 verbose headers   'x-timer': 'S1478700221.096972,VS0,VE0',
115 verbose headers   vary: 'Accept-Encoding' }
116 silly get cb [ 304,
116 silly get   { date: 'Wed, 09 Nov 2016 14:03:41 GMT',
116 silly get     via: '1.1 varnish',
116 silly get     'cache-control': 'max-age=300',
116 silly get     etag: '"2WPFBSYJ8KNAKFCWTTMHIJ6K6"',
116 silly get     age: '56',
116 silly get     connection: 'keep-alive',
116 silly get     'x-served-by': 'cache-fra1247-FRA',
116 silly get     'x-cache': 'HIT',
116 silly get     'x-cache-hits': '2',
116 silly get     'x-timer': 'S1478700221.096972,VS0,VE0',
116 silly get     vary: 'Accept-Encoding' } ]
117 verbose etag https://registry.npmjs.org/compression from cache
118 verbose get saving compression to C:\Users\alxxw\AppData\Roaming\npm-cache\registry.npmjs.org\compression\.cache.json
119 verbose correctMkdir C:\Users\alxxw\AppData\Roaming\npm-cache correctMkdir already in flight; waiting
120 http 304 https://registry.npmjs.org/body-parser
121 verbose headers { date: 'Wed, 09 Nov 2016 14:03:41 GMT',
121 verbose headers   via: '1.1 varnish',
121 verbose headers   'cache-control': 'max-age=300',
121 verbose headers   etag: '"F5CVX5Z1L5PV1FSGBKLABLPVA"',
121 verbose headers   age: '108',
121 verbose headers   connection: 'keep-alive',
121 verbose headers   'x-served-by': 'cache-fra1228-FRA',
121 verbose headers   'x-cache': 'HIT',
121 verbose headers   'x-cache-hits': '5',
121 verbose headers   'x-timer': 'S1478700221.101402,VS0,VE0',
121 verbose headers   vary: 'Accept-Encoding' }
122 silly get cb [ 304,
122 silly get   { date: 'Wed, 09 Nov 2016 14:03:41 GMT',
122 silly get     via: '1.1 varnish',
122 silly get     'cache-control': 'max-age=300',
122 silly get     etag: '"F5CVX5Z1L5PV1FSGBKLABLPVA"',
122 silly get     age: '108',
122 silly get     connection: 'keep-alive',
122 silly get     'x-served-by': 'cache-fra1228-FRA',
122 silly get     'x-cache': 'HIT',
122 silly get     'x-cache-hits': '5',
122 silly get     'x-timer': 'S1478700221.101402,VS0,VE0',
122 silly get     vary: 'Accept-Encoding' } ]
123 verbose etag https://registry.npmjs.org/body-parser from cache
124 verbose get saving body-parser to C:\Users\alxxw\AppData\Roaming\npm-cache\registry.npmjs.org\body-parser\.cache.json
125 verbose correctMkdir C:\Users\alxxw\AppData\Roaming\npm-cache correctMkdir already in flight; waiting
126 http 304 https://registry.npmjs.org/express
127 verbose headers { date: 'Wed, 09 Nov 2016 14:03:41 GMT',
127 verbose headers   via: '1.1 varnish',
127 verbose headers   'cache-control': 'max-age=300',
127 verbose headers   etag: '"5QYTAIBJP1UXFGOWG1GY4H9H5"',
127 verbose headers   age: '119',
127 verbose headers   connection: 'keep-alive',
127 verbose headers   'x-served-by': 'cache-fra1229-FRA',
127 verbose headers   'x-cache': 'HIT',
127 verbose headers   'x-cache-hits': '4',
127 verbose headers   'x-timer': 'S1478700221.119364,VS0,VE0',
127 verbose headers   vary: 'Accept-Encoding' }
128 silly get cb [ 304,
128 silly get   { date: 'Wed, 09 Nov 2016 14:03:41 GMT',
128 silly get     via: '1.1 varnish',
128 silly get     'cache-control': 'max-age=300',
128 silly get     etag: '"5QYTAIBJP1UXFGOWG1GY4H9H5"',
128 silly get     age: '119',
128 silly get     connection: 'keep-alive',
128 silly get     'x-served-by': 'cache-fra1229-FRA',
128 silly get     'x-cache': 'HIT',
128 silly get     'x-cache-hits': '4',
128 silly get     'x-timer': 'S1478700221.119364,VS0,VE0',
128 silly get     vary: 'Accept-Encoding' } ]
129 verbose etag https://registry.npmjs.org/express from cache
130 verbose get saving express to C:\Users\alxxw\AppData\Roaming\npm-cache\registry.npmjs.org\express\.cache.json
131 verbose correctMkdir C:\Users\alxxw\AppData\Roaming\npm-cache correctMkdir not in flight; initializing
132 http 304 https://registry.npmjs.org/fs
133 verbose headers { date: 'Wed, 09 Nov 2016 14:03:41 GMT',
133 verbose headers   via: '1.1 varnish',
133 verbose headers   'cache-control': 'max-age=300',
133 verbose headers   etag: '"3QLKZTL096KX16E50G0I70RQU"',
133 verbose headers   age: '205',
133 verbose headers   connection: 'keep-alive',
133 verbose headers   'x-served-by': 'cache-fra1250-FRA',
133 verbose headers   'x-cache': 'HIT',
133 verbose headers   'x-cache-hits': '1',
133 verbose headers   'x-timer': 'S1478700221.120002,VS0,VE0',
133 verbose headers   vary: 'Accept-Encoding' }
134 silly get cb [ 304,
134 silly get   { date: 'Wed, 09 Nov 2016 14:03:41 GMT',
134 silly get     via: '1.1 varnish',
134 silly get     'cache-control': 'max-age=300',
134 silly get     etag: '"3QLKZTL096KX16E50G0I70RQU"',
134 silly get     age: '205',
134 silly get     connection: 'keep-alive',
134 silly get     'x-served-by': 'cache-fra1250-FRA',
134 silly get     'x-cache': 'HIT',
134 silly get     'x-cache-hits': '1',
134 silly get     'x-timer': 'S1478700221.120002,VS0,VE0',
134 silly get     vary: 'Accept-Encoding' } ]
135 verbose etag https://registry.npmjs.org/fs from cache
136 verbose get saving fs to C:\Users\alxxw\AppData\Roaming\npm-cache\registry.npmjs.org\fs\.cache.json
137 verbose correctMkdir C:\Users\alxxw\AppData\Roaming\npm-cache correctMkdir not in flight; initializing
138 http 304 https://registry.npmjs.org/cookie-parser
139 verbose headers { date: 'Wed, 09 Nov 2016 14:03:41 GMT',
139 verbose headers   via: '1.1 varnish',
139 verbose headers   'cache-control': 'max-age=300',
139 verbose headers   etag: '"2BWK610JY5PCJM0T0N28D3HU9"',
139 verbose headers   age: '136',
139 verbose headers   connection: 'keep-alive',
139 verbose headers   'x-served-by': 'cache-fra1248-FRA',
139 verbose headers   'x-cache': 'HIT',
139 verbose headers   'x-cache-hits': '2',
139 verbose headers   'x-timer': 'S1478700221.134765,VS0,VE0',
139 verbose headers   vary: 'Accept-Encoding' }
140 silly get cb [ 304,
140 silly get   { date: 'Wed, 09 Nov 2016 14:03:41 GMT',
140 silly get     via: '1.1 varnish',
140 silly get     'cache-control': 'max-age=300',
140 silly get     etag: '"2BWK610JY5PCJM0T0N28D3HU9"',
140 silly get     age: '136',
140 silly get     connection: 'keep-alive',
140 silly get     'x-served-by': 'cache-fra1248-FRA',
140 silly get     'x-cache': 'HIT',
140 silly get     'x-cache-hits': '2',
140 silly get     'x-timer': 'S1478700221.134765,VS0,VE0',
140 silly get     vary: 'Accept-Encoding' } ]
141 verbose etag https://registry.npmjs.org/cookie-parser from cache
142 verbose get saving cookie-parser to C:\Users\alxxw\AppData\Roaming\npm-cache\registry.npmjs.org\cookie-parser\.cache.json
143 verbose correctMkdir C:\Users\alxxw\AppData\Roaming\npm-cache correctMkdir not in flight; initializing
144 silly resolveWithNewModule compression@1.6.2 checking installable status
145 silly cache add args [ 'compression@*', null ]
146 verbose cache add spec compression@*
147 silly cache add parsed spec Result {
147 silly cache add   raw: 'compression@*',
147 silly cache add   scope: null,
147 silly cache add   escapedName: 'compression',
147 silly cache add   name: 'compression',
147 silly cache add   rawSpec: '*',
147 silly cache add   spec: '*',
147 silly cache add   type: 'range' }
148 silly addNamed compression@*
149 verbose addNamed "*" is a valid semver range for compression
150 silly addNameRange { name: 'compression', range: '*', hasData: false }
151 silly mapToRegistry name compression
152 silly mapToRegistry using default registry
153 silly mapToRegistry registry https://registry.npmjs.org/
154 silly mapToRegistry data Result {
154 silly mapToRegistry   raw: 'compression',
154 silly mapToRegistry   scope: null,
154 silly mapToRegistry   escapedName: 'compression',
154 silly mapToRegistry   name: 'compression',
154 silly mapToRegistry   rawSpec: '',
154 silly mapToRegistry   spec: 'latest',
154 silly mapToRegistry   type: 'tag' }
155 silly mapToRegistry uri https://registry.npmjs.org/compression
156 verbose addNameRange registry:https://registry.npmjs.org/compression not in flight; fetching
157 silly resolveWithNewModule express-session@1.14.2 checking installable status
158 silly cache add args [ 'express-session@*', null ]
159 verbose cache add spec express-session@*
160 silly cache add parsed spec Result {
160 silly cache add   raw: 'express-session@*',
160 silly cache add   scope: null,
160 silly cache add   escapedName: 'express-session',
160 silly cache add   name: 'express-session',
160 silly cache add   rawSpec: '*',
160 silly cache add   spec: '*',
160 silly cache add   type: 'range' }
161 silly addNamed express-session@*
162 verbose addNamed "*" is a valid semver range for express-session
163 silly addNameRange { name: 'express-session', range: '*', hasData: false }
164 silly mapToRegistry name express-session
165 silly mapToRegistry using default registry
166 silly mapToRegistry registry https://registry.npmjs.org/
167 silly mapToRegistry data Result {
167 silly mapToRegistry   raw: 'express-session',
167 silly mapToRegistry   scope: null,
167 silly mapToRegistry   escapedName: 'express-session',
167 silly mapToRegistry   name: 'express-session',
167 silly mapToRegistry   rawSpec: '',
167 silly mapToRegistry   spec: 'latest',
167 silly mapToRegistry   type: 'tag' }
168 silly mapToRegistry uri https://registry.npmjs.org/express-session
169 verbose addNameRange registry:https://registry.npmjs.org/express-session not in flight; fetching
170 silly resolveWithNewModule body-parser@1.15.2 checking installable status
171 silly cache add args [ 'body-parser@*', null ]
172 verbose cache add spec body-parser@*
173 silly cache add parsed spec Result {
173 silly cache add   raw: 'body-parser@*',
173 silly cache add   scope: null,
173 silly cache add   escapedName: 'body-parser',
173 silly cache add   name: 'body-parser',
173 silly cache add   rawSpec: '*',
173 silly cache add   spec: '*',
173 silly cache add   type: 'range' }
174 silly addNamed body-parser@*
175 verbose addNamed "*" is a valid semver range for body-parser
176 silly addNameRange { name: 'body-parser', range: '*', hasData: false }
177 silly mapToRegistry name body-parser
178 silly mapToRegistry using default registry
179 silly mapToRegistry registry https://registry.npmjs.org/
180 silly mapToRegistry data Result {
180 silly mapToRegistry   raw: 'body-parser',
180 silly mapToRegistry   scope: null,
180 silly mapToRegistry   escapedName: 'body-parser',
180 silly mapToRegistry   name: 'body-parser',
180 silly mapToRegistry   rawSpec: '',
180 silly mapToRegistry   spec: 'latest',
180 silly mapToRegistry   type: 'tag' }
181 silly mapToRegistry uri https://registry.npmjs.org/body-parser
182 verbose addNameRange registry:https://registry.npmjs.org/body-parser not in flight; fetching
183 silly resolveWithNewModule express@4.14.0 checking installable status
184 silly cache add args [ 'express@*', null ]
185 verbose cache add spec express@*
186 silly cache add parsed spec Result {
186 silly cache add   raw: 'express@*',
186 silly cache add   scope: null,
186 silly cache add   escapedName: 'express',
186 silly cache add   name: 'express',
186 silly cache add   rawSpec: '*',
186 silly cache add   spec: '*',
186 silly cache add   type: 'range' }
187 silly addNamed express@*
188 verbose addNamed "*" is a valid semver range for express
189 silly addNameRange { name: 'express', range: '*', hasData: false }
190 silly mapToRegistry name express
191 silly mapToRegistry using default registry
192 silly mapToRegistry registry https://registry.npmjs.org/
193 silly mapToRegistry data Result {
193 silly mapToRegistry   raw: 'express',
193 silly mapToRegistry   scope: null,
193 silly mapToRegistry   escapedName: 'express',
193 silly mapToRegistry   name: 'express',
193 silly mapToRegistry   rawSpec: '',
193 silly mapToRegistry   spec: 'latest',
193 silly mapToRegistry   type: 'tag' }
194 silly mapToRegistry uri https://registry.npmjs.org/express
195 verbose addNameRange registry:https://registry.npmjs.org/express not in flight; fetching
196 verbose get https://registry.npmjs.org/compression not expired, no request
197 silly addNameRange number 2 { name: 'compression', range: '*', hasData: true }
198 silly addNameRange versions [ 'compression',
198 silly addNameRange   [ '1.0.0',
198 silly addNameRange     '1.0.1',
198 silly addNameRange     '1.0.2',
198 silly addNameRange     '1.0.3',
198 silly addNameRange     '1.0.4',
198 silly addNameRange     '1.0.5',
198 silly addNameRange     '1.0.6',
198 silly addNameRange     '1.0.7',
198 silly addNameRange     '1.0.8',
198 silly addNameRange     '1.0.9',
198 silly addNameRange     '1.0.10',
198 silly addNameRange     '1.0.11',
198 silly addNameRange     '1.1.0',
198 silly addNameRange     '1.1.1',
198 silly addNameRange     '1.1.2',
198 silly addNameRange     '1.2.0',
198 silly addNameRange     '1.2.1',
198 silly addNameRange     '1.2.2',
198 silly addNameRange     '1.3.0',
198 silly addNameRange     '1.3.1',
198 silly addNameRange     '1.4.0',
198 silly addNameRange     '1.4.1',
198 silly addNameRange     '1.4.2',
198 silly addNameRange     '1.4.3',
198 silly addNameRange     '1.4.4',
198 silly addNameRange     '1.5.0',
198 silly addNameRange     '1.5.1',
198 silly addNameRange     '1.5.2',
198 silly addNameRange     '1.6.0',
198 silly addNameRange     '1.6.1',
198 silly addNameRange     '1.6.2' ] ]
199 silly addNamed compression@1.6.2
200 verbose addNamed "1.6.2" is a plain semver version for compression
201 verbose get https://registry.npmjs.org/express-session not expired, no request
202 silly addNameRange number 2 { name: 'express-session', range: '*', hasData: true }
203 silly addNameRange versions [ 'express-session',
203 silly addNameRange   [ '1.0.0',
203 silly addNameRange     '1.0.1',
203 silly addNameRange     '1.0.2',
203 silly addNameRange     '1.0.3',
203 silly addNameRange     '1.0.4',
203 silly addNameRange     '1.1.0',
203 silly addNameRange     '1.2.0',
203 silly addNameRange     '1.2.1',
203 silly addNameRange     '1.3.0',
203 silly addNameRange     '1.3.1',
203 silly addNameRange     '1.4.0',
203 silly addNameRange     '1.5.0',
203 silly addNameRange     '1.5.1',
203 silly addNameRange     '1.5.2',
203 silly addNameRange     '1.6.0',
203 silly addNameRange     '1.6.1',
203 silly addNameRange     '1.6.2',
203 silly addNameRange     '1.6.3',
203 silly addNameRange     '1.6.4',
203 silly addNameRange     '1.6.5',
203 silly addNameRange     '1.7.0',
203 silly addNameRange     '1.7.1',
203 silly addNameRange     '1.7.2',
203 silly addNameRange     '1.7.3',
203 silly addNameRange     '1.7.4',
203 silly addNameRange     '1.7.5',
203 silly addNameRange     '1.7.6',
203 silly addNameRange     '1.8.0',
203 silly addNameRange     '1.8.1',
203 silly addNameRange     '1.8.2',
203 silly addNameRange     '1.9.0',
203 silly addNameRange     '1.9.1',
203 silly addNameRange     '1.9.2',
203 silly addNameRange     '1.9.3',
203 silly addNameRange     '1.10.0',
203 silly addNameRange     '1.10.1',
203 silly addNameRange     '1.10.2',
203 silly addNameRange     '1.10.3',
203 silly addNameRange     '1.10.4',
203 silly addNameRange     '1.11.0',
203 silly addNameRange     '1.11.1',
203 silly addNameRange     '1.11.2',
203 silly addNameRange     '1.11.3',
203 silly addNameRange     '1.12.0',
203 silly addNameRange     '1.12.1',
203 silly addNameRange     '1.13.0',
203 silly addNameRange     '1.14.0',
203 silly addNameRange     '1.14.1',
203 silly addNameRange     '1.14.2' ] ]
204 silly addNamed express-session@1.14.2
205 verbose addNamed "1.14.2" is a plain semver version for express-session
206 silly resolveWithNewModule fs@0.0.0 checking installable status
207 silly cache add args [ 'fs@*', null ]
208 verbose cache add spec fs@*
209 silly cache add parsed spec Result {
209 silly cache add   raw: 'fs@*',
209 silly cache add   scope: null,
209 silly cache add   escapedName: 'fs',
209 silly cache add   name: 'fs',
209 silly cache add   rawSpec: '*',
209 silly cache add   spec: '*',
209 silly cache add   type: 'range' }
210 silly addNamed fs@*
211 verbose addNamed "*" is a valid semver range for fs
212 silly addNameRange { name: 'fs', range: '*', hasData: false }
213 silly mapToRegistry name fs
214 silly mapToRegistry using default registry
215 silly mapToRegistry registry https://registry.npmjs.org/
216 silly mapToRegistry data Result {
216 silly mapToRegistry   raw: 'fs',
216 silly mapToRegistry   scope: null,
216 silly mapToRegistry   escapedName: 'fs',
216 silly mapToRegistry   name: 'fs',
216 silly mapToRegistry   rawSpec: '',
216 silly mapToRegistry   spec: 'latest',
216 silly mapToRegistry   type: 'tag' }
217 silly mapToRegistry uri https://registry.npmjs.org/fs
218 verbose addNameRange registry:https://registry.npmjs.org/fs not in flight; fetching
219 silly resolveWithNewModule cookie-parser@1.4.3 checking installable status
220 silly cache add args [ 'cookie-parser@*', null ]
221 verbose cache add spec cookie-parser@*
222 silly cache add parsed spec Result {
222 silly cache add   raw: 'cookie-parser@*',
222 silly cache add   scope: null,
222 silly cache add   escapedName: 'cookie-parser',
222 silly cache add   name: 'cookie-parser',
222 silly cache add   rawSpec: '*',
222 silly cache add   spec: '*',
222 silly cache add   type: 'range' }
223 silly addNamed cookie-parser@*
224 verbose addNamed "*" is a valid semver range for cookie-parser
225 silly addNameRange { name: 'cookie-parser', range: '*', hasData: false }
226 silly mapToRegistry name cookie-parser
227 silly mapToRegistry using default registry
228 silly mapToRegistry registry https://registry.npmjs.org/
229 silly mapToRegistry data Result {
229 silly mapToRegistry   raw: 'cookie-parser',
229 silly mapToRegistry   scope: null,
229 silly mapToRegistry   escapedName: 'cookie-parser',
229 silly mapToRegistry   name: 'cookie-parser',
229 silly mapToRegistry   rawSpec: '',
229 silly mapToRegistry   spec: 'latest',
229 silly mapToRegistry   type: 'tag' }
230 silly mapToRegistry uri https://registry.npmjs.org/cookie-parser
231 verbose addNameRange registry:https://registry.npmjs.org/cookie-parser not in flight; fetching
232 verbose get https://registry.npmjs.org/body-parser not expired, no request
233 silly addNameRange number 2 { name: 'body-parser', range: '*', hasData: true }
234 silly addNameRange versions [ 'body-parser',
234 silly addNameRange   [ '1.0.0',
234 silly addNameRange     '1.0.1',
234 silly addNameRange     '1.0.2',
234 silly addNameRange     '1.1.0',
234 silly addNameRange     '1.1.1',
234 silly addNameRange     '1.1.2',
234 silly addNameRange     '1.2.0',
234 silly addNameRange     '1.2.1',
234 silly addNameRange     '1.2.2',
234 silly addNameRange     '1.3.0',
234 silly addNameRange     '1.3.1',
234 silly addNameRange     '1.4.0',
234 silly addNameRange     '1.4.1',
234 silly addNameRange     '1.4.2',
234 silly addNameRange     '1.4.3',
234 silly addNameRange     '1.5.0',
234 silly addNameRange     '1.5.1',
234 silly addNameRange     '1.5.2',
234 silly addNameRange     '1.6.0',
234 silly addNameRange     '1.6.1',
234 silly addNameRange     '1.6.2',
234 silly addNameRange     '1.6.3',
234 silly addNameRange     '1.6.4',
234 silly addNameRange     '1.6.5',
234 silly addNameRange     '1.6.6',
234 silly addNameRange     '1.6.7',
234 silly addNameRange     '1.7.0',
234 silly addNameRange     '1.8.0',
234 silly addNameRange     '1.8.1',
234 silly addNameRange     '1.8.2',
234 silly addNameRange     '1.8.3',
234 silly addNameRange     '1.8.4',
234 silly addNameRange     '1.9.0',
234 silly addNameRange     '1.9.1',
234 silly addNameRange     '1.9.2',
234 silly addNameRange     '1.9.3',
234 silly addNameRange     '1.10.0',
234 silly addNameRange     '1.10.1',
234 silly addNameRange     '1.10.2',
234 silly addNameRange     '1.11.0',
234 silly addNameRange     '1.12.0',
234 silly addNameRange     '1.12.1',
234 silly addNameRange     '1.12.2',
234 silly addNameRange     '1.12.3',
234 silly addNameRange     '1.12.4',
234 silly addNameRange     '1.13.0',
234 silly addNameRange     '1.13.1',
234 silly addNameRange     '1.13.2',
234 silly addNameRange     '1.13.3',
234 silly addNameRange     '1.14.0',
234 silly addNameRange     '1.14.1',
234 silly addNameRange     '1.14.2',
234 silly addNameRange     '1.15.0',
234 silly addNameRange     '1.15.1',
234 silly addNameRange     '1.15.2' ] ]
235 silly addNamed body-parser@1.15.2
236 verbose addNamed "1.15.2" is a plain semver version for body-parser
237 verbose get https://registry.npmjs.org/express not expired, no request
238 silly addNameRange number 2 { name: 'express', range: '*', hasData: true }
239 silly addNameRange versions [ 'express',
239 silly addNameRange   [ '0.14.0',
239 silly addNameRange     '0.14.1',
239 silly addNameRange     '1.0.0',
239 silly addNameRange     '1.0.1',
239 silly addNameRange     '1.0.2',
239 silly addNameRange     '1.0.3',
239 silly addNameRange     '1.0.4',
239 silly addNameRange     '1.0.5',
239 silly addNameRange     '1.0.6',
239 silly addNameRange     '1.0.7',
239 silly addNameRange     '1.0.8',
239 silly addNameRange     '2.0.0',
239 silly addNameRange     '2.1.0',
239 silly addNameRange     '2.1.1',
239 silly addNameRange     '2.2.0',
239 silly addNameRange     '2.2.1',
239 silly addNameRange     '2.2.2',
239 silly addNameRange     '2.3.0',
239 silly addNameRange     '2.3.1',
239 silly addNameRange     '2.3.2',
239 silly addNameRange     '2.3.3',
239 silly addNameRange     '2.3.4',
239 silly addNameRange     '2.3.5',
239 silly addNameRange     '2.3.6',
239 silly addNameRange     '2.3.7',
239 silly addNameRange     '2.3.8',
239 silly addNameRange     '2.3.9',
239 silly addNameRange     '2.3.10',
239 silly addNameRange     '2.3.11',
239 silly addNameRange     '2.3.12',
239 silly addNameRange     '2.4.0',
239 silly addNameRange     '2.4.1',
239 silly addNameRange     '2.4.2',
239 silly addNameRange     '2.4.3',
239 silly addNameRange     '2.4.4',
239 silly addNameRange     '2.4.5',
239 silly addNameRange     '2.4.6',
239 silly addNameRange     '2.4.7',
239 silly addNameRange     '2.5.0',
239 silly addNameRange     '2.5.1',
239 silly addNameRange     '2.5.2',
239 silly addNameRange     '2.5.3',
239 silly addNameRange     '2.5.4',
239 silly addNameRange     '2.5.5',
239 silly addNameRange     '2.5.6',
239 silly addNameRange     '2.5.7',
239 silly addNameRange     '2.5.8',
239 silly addNameRange     '2.5.9',
239 silly addNameRange     '2.5.10',
239 silly addNameRange     '2.5.11',
239 silly addNameRange     '3.0.0',
239 silly addNameRange     '3.0.1',
239 silly addNameRange     '3.0.2',
239 silly addNameRange     '3.0.3',
239 silly addNameRange     '3.0.4',
239 silly addNameRange     '3.0.5',
239 silly addNameRange     '3.0.6',
239 silly addNameRange     '3.1.0',
239 silly addNameRange     '3.1.1',
239 silly addNameRange     '3.1.2',
239 silly addNameRange     '3.2.0',
239 silly addNameRange     '3.2.1',
239 silly addNameRange     '3.2.2',
239 silly addNameRange     '3.2.3',
239 silly addNameRange     '3.2.4',
239 silly addNameRange     '3.2.5',
239 silly addNameRange     '3.2.6',
239 silly addNameRange     '3.3.0',
239 silly addNameRange     '3.3.1',
239 silly addNameRange     '3.3.2',
239 silly addNameRange     '3.3.3',
239 silly addNameRange     '3.3.4',
239 silly addNameRange     '3.3.5',
239 silly addNameRange     '3.3.6',
239 silly addNameRange     '1.0.0-beta',
239 silly addNameRange     '1.0.0-beta2',
239 silly addNameRange     '1.0.0-rc',
239 silly addNameRange     '1.0.0-rc2',
239 silly addNameRange     '1.0.0-rc3',
239 silly addNameRange     '1.0.0-rc4',
239 silly addNameRange     '2.0.0-beta',
239 silly addNameRange     '2.0.0-beta2',
239 silly addNameRange     '2.0.0-beta3',
239 silly addNameRange     '2.0.0-rc',
239 silly addNameRange     '2.0.0-rc2',
239 silly addNameRange     '2.0.0-rc3',
239 silly addNameRange     '3.0.0-alpha1',
239 silly addNameRange     '3.0.0-alpha2',
239 silly addNameRange     '3.0.0-alpha3',
239 silly addNameRange     '3.0.0-alpha4',
239 silly addNameRange     '3.0.0-alpha5',
239 silly addNameRange     '3.0.0-beta1',
239 silly addNameRange     '3.0.0-beta2',
239 silly addNameRange     '3.0.0-beta3',
239 silly addNameRange     '3.0.0-beta4',
239 silly addNameRange     '3.0.0-beta6',
239 silly addNameRange     '3.0.0-beta7',
239 silly addNameRange     '3.0.0-rc1',
239 silly addNameRange     '3.0.0-rc2',
239 silly addNameRange     '3.0.0-rc3',
239 silly addNameRange     ... 144 more items ] ]
240 silly addNamed express@4.14.0
241 verbose addNamed "4.14.0" is a plain semver version for express
242 verbose get https://registry.npmjs.org/fs not expired, no request
243 silly addNameRange number 2 { name: 'fs', range: '*', hasData: true }
244 silly addNameRange versions [ 'fs', [ '0.0.1-security', '0.0.0', '0.0.2' ] ]
245 silly addNamed fs@0.0.2
246 verbose addNamed "0.0.2" is a plain semver version for fs
247 silly cache afterAdd compression@1.6.2
248 verbose afterAdd C:\Users\alxxw\AppData\Roaming\npm-cache\compression\1.6.2\package\package.json not in flight; writing
249 verbose correctMkdir C:\Users\alxxw\AppData\Roaming\npm-cache correctMkdir not in flight; initializing
250 silly cache afterAdd express-session@1.14.2
251 verbose afterAdd C:\Users\alxxw\AppData\Roaming\npm-cache\express-session\1.14.2\package\package.json not in flight; writing
252 verbose correctMkdir C:\Users\alxxw\AppData\Roaming\npm-cache correctMkdir not in flight; initializing
253 verbose get https://registry.npmjs.org/cookie-parser not expired, no request
254 silly addNameRange number 2 { name: 'cookie-parser', range: '*', hasData: true }
255 silly addNameRange versions [ 'cookie-parser',
255 silly addNameRange   [ '1.0.0',
255 silly addNameRange     '1.0.1',
255 silly addNameRange     '1.1.0',
255 silly addNameRange     '1.2.0',
255 silly addNameRange     '1.3.0',
255 silly addNameRange     '1.3.1',
255 silly addNameRange     '1.3.2',
255 silly addNameRange     '1.3.3',
255 silly addNameRange     '1.3.4',
255 silly addNameRange     '1.3.5',
255 silly addNameRange     '1.4.0',
255 silly addNameRange     '1.4.1',
255 silly addNameRange     '1.4.2',
255 silly addNameRange     '1.4.3' ] ]
256 silly addNamed cookie-parser@1.4.3
257 verbose addNamed "1.4.3" is a plain semver version for cookie-parser
258 silly cache afterAdd body-parser@1.15.2
259 verbose afterAdd C:\Users\alxxw\AppData\Roaming\npm-cache\body-parser\1.15.2\package\package.json not in flight; writing
260 verbose correctMkdir C:\Users\alxxw\AppData\Roaming\npm-cache correctMkdir not in flight; initializing
261 silly cache afterAdd express@4.14.0
262 verbose afterAdd C:\Users\alxxw\AppData\Roaming\npm-cache\express\4.14.0\package\package.json not in flight; writing
263 verbose correctMkdir C:\Users\alxxw\AppData\Roaming\npm-cache correctMkdir not in flight; initializing
264 silly cache afterAdd fs@0.0.2
265 verbose afterAdd C:\Users\alxxw\AppData\Roaming\npm-cache\fs\0.0.2\package\package.json not in flight; writing
266 verbose correctMkdir C:\Users\alxxw\AppData\Roaming\npm-cache correctMkdir not in flight; initializing
267 verbose afterAdd C:\Users\alxxw\AppData\Roaming\npm-cache\express-session\1.14.2\package\package.json written
268 verbose afterAdd C:\Users\alxxw\AppData\Roaming\npm-cache\compression\1.6.2\package\package.json written
269 silly cache afterAdd cookie-parser@1.4.3
270 verbose afterAdd C:\Users\alxxw\AppData\Roaming\npm-cache\cookie-parser\1.4.3\package\package.json not in flight; writing
271 verbose correctMkdir C:\Users\alxxw\AppData\Roaming\npm-cache correctMkdir not in flight; initializing
272 verbose afterAdd C:\Users\alxxw\AppData\Roaming\npm-cache\body-parser\1.15.2\package\package.json written
273 verbose afterAdd C:\Users\alxxw\AppData\Roaming\npm-cache\express\4.14.0\package\package.json written
274 verbose afterAdd C:\Users\alxxw\AppData\Roaming\npm-cache\fs\0.0.2\package\package.json written
275 verbose afterAdd C:\Users\alxxw\AppData\Roaming\npm-cache\cookie-parser\1.4.3\package\package.json written
276 http 200 https://registry.npmjs.org/mongoose
277 verbose headers { server: 'CouchDB/1.5.0 (Erlang OTP/R16B03)',
277 verbose headers   etag: '"A8YFAIV89BZ8W9MJYJ96VZ5ZO"',
277 verbose headers   'content-type': 'application/json',
277 verbose headers   'content-encoding': 'gzip',
277 verbose headers   'cache-control': 'max-age=300',
277 verbose headers   'content-length': '54808',
277 verbose headers   'accept-ranges': 'bytes',
277 verbose headers   date: 'Wed, 09 Nov 2016 14:03:41 GMT',
277 verbose headers   via: '1.1 varnish',
277 verbose headers   age: '33',
277 verbose headers   connection: 'keep-alive',
277 verbose headers   'x-served-by': 'cache-fra1232-FRA',
277 verbose headers   'x-cache': 'HIT',
277 verbose headers   'x-cache-hits': '2',
277 verbose headers   'x-timer': 'S1478700221.097453,VS0,VE0',
277 verbose headers   vary: 'Accept-Encoding' }
278 silly get cb [ 200,
278 silly get   { server: 'CouchDB/1.5.0 (Erlang OTP/R16B03)',
278 silly get     etag: '"A8YFAIV89BZ8W9MJYJ96VZ5ZO"',
278 silly get     'content-type': 'application/json',
278 silly get     'content-encoding': 'gzip',
278 silly get     'cache-control': 'max-age=300',
278 silly get     'content-length': '54808',
278 silly get     'accept-ranges': 'bytes',
278 silly get     date: 'Wed, 09 Nov 2016 14:03:41 GMT',
278 silly get     via: '1.1 varnish',
278 silly get     age: '33',
278 silly get     connection: 'keep-alive',
278 silly get     'x-served-by': 'cache-fra1232-FRA',
278 silly get     'x-cache': 'HIT',
278 silly get     'x-cache-hits': '2',
278 silly get     'x-timer': 'S1478700221.097453,VS0,VE0',
278 silly get     vary: 'Accept-Encoding' } ]
279 verbose get saving mongoose to C:\Users\alxxw\AppData\Roaming\npm-cache\registry.npmjs.org\mongoose\.cache.json
280 verbose correctMkdir C:\Users\alxxw\AppData\Roaming\npm-cache correctMkdir not in flight; initializing
281 silly resolveWithNewModule mongoose@4.6.6 checking installable status
282 silly cache add args [ 'mongoose@*', null ]
283 verbose cache add spec mongoose@*
284 silly cache add parsed spec Result {
284 silly cache add   raw: 'mongoose@*',
284 silly cache add   scope: null,
284 silly cache add   escapedName: 'mongoose',
284 silly cache add   name: 'mongoose',
284 silly cache add   rawSpec: '*',
284 silly cache add   spec: '*',
284 silly cache add   type: 'range' }
285 silly addNamed mongoose@*
286 verbose addNamed "*" is a valid semver range for mongoose
287 silly addNameRange { name: 'mongoose', range: '*', hasData: false }
288 silly mapToRegistry name mongoose
289 silly mapToRegistry using default registry
290 silly mapToRegistry registry https://registry.npmjs.org/
291 silly mapToRegistry data Result {
291 silly mapToRegistry   raw: 'mongoose',
291 silly mapToRegistry   scope: null,
291 silly mapToRegistry   escapedName: 'mongoose',
291 silly mapToRegistry   name: 'mongoose',
291 silly mapToRegistry   rawSpec: '',
291 silly mapToRegistry   spec: 'latest',
291 silly mapToRegistry   type: 'tag' }
292 silly mapToRegistry uri https://registry.npmjs.org/mongoose
293 verbose addNameRange registry:https://registry.npmjs.org/mongoose not in flight; fetching
294 verbose get https://registry.npmjs.org/mongoose not expired, no request
295 silly addNameRange number 2 { name: 'mongoose', range: '*', hasData: true }
296 silly addNameRange versions [ 'mongoose',
296 silly addNameRange   [ '0.0.1',
296 silly addNameRange     '0.0.2',
296 silly addNameRange     '0.0.3',
296 silly addNameRange     '0.0.4',
296 silly addNameRange     '0.0.5',
296 silly addNameRange     '1.0.0',
296 silly addNameRange     '1.0.1',
296 silly addNameRange     '1.0.2',
296 silly addNameRange     '0.0.6',
296 silly addNameRange     '1.0.3',
296 silly addNameRange     '1.0.4',
296 silly addNameRange     '1.0.5',
296 silly addNameRange     '1.0.6',
296 silly addNameRange     '1.0.7',
296 silly addNameRange     '1.0.8',
296 silly addNameRange     '1.0.10',
296 silly addNameRange     '1.0.11',
296 silly addNameRange     '1.0.12',
296 silly addNameRange     '1.0.13',
296 silly addNameRange     '1.0.14',
296 silly addNameRange     '1.0.15',
296 silly addNameRange     '1.0.16',
296 silly addNameRange     '1.1.0',
296 silly addNameRange     '1.1.1',
296 silly addNameRange     '1.1.2',
296 silly addNameRange     '1.1.3',
296 silly addNameRange     '1.1.4',
296 silly addNameRange     '1.1.5',
296 silly addNameRange     '1.1.6',
296 silly addNameRange     '1.1.7',
296 silly addNameRange     '1.1.8',
296 silly addNameRange     '1.1.9',
296 silly addNameRange     '1.1.10',
296 silly addNameRange     '1.1.11',
296 silly addNameRange     '1.1.12',
296 silly addNameRange     '1.1.13',
296 silly addNameRange     '1.1.14',
296 silly addNameRange     '1.1.15',
296 silly addNameRange     '1.1.16',
296 silly addNameRange     '1.1.17',
296 silly addNameRange     '1.1.18',
296 silly addNameRange     '1.1.19',
296 silly addNameRange     '1.1.20',
296 silly addNameRange     '1.1.21',
296 silly addNameRange     '1.1.22',
296 silly addNameRange     '1.1.23',
296 silly addNameRange     '1.1.24',
296 silly addNameRange     '1.1.25',
296 silly addNameRange     '1.2.0',
296 silly addNameRange     '1.3.0',
296 silly addNameRange     '1.3.1',
296 silly addNameRange     '1.3.2',
296 silly addNameRange     '1.3.3',
296 silly addNameRange     '1.3.4',
296 silly addNameRange     '1.3.5',
296 silly addNameRange     '1.3.6',
296 silly addNameRange     '1.3.7',
296 silly addNameRange     '1.4.0',
296 silly addNameRange     '1.5.0',
296 silly addNameRange     '1.6.0',
296 silly addNameRange     '1.7.2',
296 silly addNameRange     '1.7.3',
296 silly addNameRange     '1.7.4',
296 silly addNameRange     '1.8.0',
296 silly addNameRange     '1.8.1',
296 silly addNameRange     '1.8.2',
296 silly addNameRange     '1.8.3',
296 silly addNameRange     '1.8.4',
296 silly addNameRange     '2.0.0',
296 silly addNameRange     '2.0.1',
296 silly addNameRange     '2.0.2',
296 silly addNameRange     '2.0.3',
296 silly addNameRange     '2.0.4',
296 silly addNameRange     '2.1.0',
296 silly addNameRange     '2.1.1',
296 silly addNameRange     '2.1.2',
296 silly addNameRange     '2.1.3',
296 silly addNameRange     '2.1.4',
296 silly addNameRange     '2.2.0',
296 silly addNameRange     '2.2.1',
296 silly addNameRange     '2.2.2',
296 silly addNameRange     '2.2.3',
296 silly addNameRange     '2.2.4',
296 silly addNameRange     '2.3.0',
296 silly addNameRange     '2.3.1',
296 silly addNameRange     '2.3.2',
296 silly addNameRange     '2.3.3',
296 silly addNameRange     '2.3.4',
296 silly addNameRange     '2.3.5',
296 silly addNameRange     '2.3.6',
296 silly addNameRange     '2.3.7',
296 silly addNameRange     '2.3.8',
296 silly addNameRange     '2.3.9',
296 silly addNameRange     '2.3.10',
296 silly addNameRange     '2.3.11',
296 silly addNameRange     '2.3.12',
296 silly addNameRange     '2.3.13',
296 silly addNameRange     '2.4.0',
296 silly addNameRange     '2.4.1',
296 silly addNameRange     '2.4.2',
296 silly addNameRange     ... 241 more items ] ]
297 silly addNamed mongoose@4.6.6
298 verbose addNamed "4.6.6" is a plain semver version for mongoose
299 silly cache afterAdd mongoose@4.6.6
300 verbose afterAdd C:\Users\alxxw\AppData\Roaming\npm-cache\mongoose\4.6.6\package\package.json not in flight; writing
301 verbose correctMkdir C:\Users\alxxw\AppData\Roaming\npm-cache correctMkdir not in flight; initializing
302 verbose afterAdd C:\Users\alxxw\AppData\Roaming\npm-cache\mongoose\4.6.6\package\package.json written
303 http 304 https://registry.npmjs.org/path
304 verbose headers { date: 'Wed, 09 Nov 2016 14:03:41 GMT',
304 verbose headers   via: '1.1 varnish',
304 verbose headers   'cache-control': 'max-age=300',
304 verbose headers   etag: '"C07B1QFHDNFDBLJ3MBFDLW1IV"',
304 verbose headers   age: '0',
304 verbose headers   connection: 'keep-alive',
304 verbose headers   'x-served-by': 'cache-fra1228-FRA',
304 verbose headers   'x-cache': 'HIT',
304 verbose headers   'x-cache-hits': '1',
304 verbose headers   'x-timer': 'S1478700221.106920,VS0,VE434',
304 verbose headers   vary: 'Accept-Encoding' }
305 silly get cb [ 304,
305 silly get   { date: 'Wed, 09 Nov 2016 14:03:41 GMT',
305 silly get     via: '1.1 varnish',
305 silly get     'cache-control': 'max-age=300',
305 silly get     etag: '"C07B1QFHDNFDBLJ3MBFDLW1IV"',
305 silly get     age: '0',
305 silly get     connection: 'keep-alive',
305 silly get     'x-served-by': 'cache-fra1228-FRA',
305 silly get     'x-cache': 'HIT',
305 silly get     'x-cache-hits': '1',
305 silly get     'x-timer': 'S1478700221.106920,VS0,VE434',
305 silly get     vary: 'Accept-Encoding' } ]
306 verbose etag https://registry.npmjs.org/path from cache
307 verbose get saving path to C:\Users\alxxw\AppData\Roaming\npm-cache\registry.npmjs.org\path\.cache.json
308 verbose correctMkdir C:\Users\alxxw\AppData\Roaming\npm-cache correctMkdir not in flight; initializing
309 silly resolveWithNewModule path@0.12.7 checking installable status
310 silly cache add args [ 'path@*', null ]
311 verbose cache add spec path@*
312 silly cache add parsed spec Result {
312 silly cache add   raw: 'path@*',
312 silly cache add   scope: null,
312 silly cache add   escapedName: 'path',
312 silly cache add   name: 'path',
312 silly cache add   rawSpec: '*',
312 silly cache add   spec: '*',
312 silly cache add   type: 'range' }
313 silly addNamed path@*
314 verbose addNamed "*" is a valid semver range for path
315 silly addNameRange { name: 'path', range: '*', hasData: false }
316 silly mapToRegistry name path
317 silly mapToRegistry using default registry
318 silly mapToRegistry registry https://registry.npmjs.org/
319 silly mapToRegistry data Result {
319 silly mapToRegistry   raw: 'path',
319 silly mapToRegistry   scope: null,
319 silly mapToRegistry   escapedName: 'path',
319 silly mapToRegistry   name: 'path',
319 silly mapToRegistry   rawSpec: '',
319 silly mapToRegistry   spec: 'latest',
319 silly mapToRegistry   type: 'tag' }
320 silly mapToRegistry uri https://registry.npmjs.org/path
321 verbose addNameRange registry:https://registry.npmjs.org/path not in flight; fetching
322 verbose get https://registry.npmjs.org/path not expired, no request
323 silly addNameRange number 2 { name: 'path', range: '*', hasData: true }
324 silly addNameRange versions [ 'path', [ '0.4.9', '0.4.10', '0.11.14', '0.12.7' ] ]
325 silly addNamed path@0.12.7
326 verbose addNamed "0.12.7" is a plain semver version for path
327 silly cache afterAdd path@0.12.7
328 verbose afterAdd C:\Users\alxxw\AppData\Roaming\npm-cache\path\0.12.7\package\package.json not in flight; writing
329 verbose correctMkdir C:\Users\alxxw\AppData\Roaming\npm-cache correctMkdir not in flight; initializing
330 verbose afterAdd C:\Users\alxxw\AppData\Roaming\npm-cache\path\0.12.7\package\package.json written
331 silly rollbackFailedOptional Starting
332 silly rollbackFailedOptional Finishing
333 silly runTopLevelLifecycles Finishing
334 silly install printInstalled
335 verbose stack Error: Error extracting C:\Users\alxxw\AppData\Roaming\npm-cache\fs\0.0.0\package.tgz archive: ENOENT: no such file or directory, open 'C:\Users\alxxw\AppData\Roaming\npm-cache\fs\0.0.0\package.tgz'
335 verbose stack     at ReadStream.<anonymous> (C:\Program Files\nodejs\node_modules\npm\lib\fetch-package-metadata.js:309:10)
335 verbose stack     at emitOne (events.js:96:13)
335 verbose stack     at ReadStream.emit (events.js:188:7)
335 verbose stack     at C:\Program Files\nodejs\node_modules\npm\node_modules\graceful-fs\graceful-fs.js:181:14
335 verbose stack     at C:\Program Files\nodejs\node_modules\npm\node_modules\graceful-fs\graceful-fs.js:232:16
335 verbose stack     at FSReqWrap.oncomplete (fs.js:123:15)
336 verbose cwd C:\Users\alxxw\Desktop\Grupp-Awesome-2nd
337 error Windows_NT 10.0.14393
338 error argv "C:\\Program Files\\nodejs\\node.exe" "C:\\Program Files\\nodejs\\node_modules\\npm\\bin\\npm-cli.js" "install"
339 error node v6.9.1
340 error npm  v3.10.8
341 error code EREADFILE
342 error Error extracting C:\Users\alxxw\AppData\Roaming\npm-cache\fs\0.0.0\package.tgz archive: ENOENT: no such file or directory, open 'C:\Users\alxxw\AppData\Roaming\npm-cache\fs\0.0.0\package.tgz'
343 error If you need help, you may report this error at:
343 error     <https://github.com/npm/npm/issues>
344 verbose exit [ 1, true ]
